<?xml version="1.0" encoding="UTF-8"?>
<!-- Generated by org.testng.reporters.JUnitReportReporter -->
<testsuite hostname="NODLTP52039252" failures="0" tests="1" name="ApiAutomation.Apidemo.Assertions" time="2.226" errors="1" timestamp="2020-12-20T14:23:14 IST" skipped="0">
  <testcase classname="ApiAutomation.Apidemo.Assertions" name="run" time="2.226">
    <error message="session not created: No matching capabilities found
Build info: version: &#039;4.0.0-alpha-7&#039;, revision: &#039;de8579b6d5&#039;
System info: host: &#039;NODLTP52039252&#039;, ip: &#039;192.168.100.45&#039;, os.name: &#039;Windows 10&#039;, os.arch: &#039;amd64&#039;, os.version: &#039;10.0&#039;, java.version: &#039;13.0.2&#039;
Driver info: driver.version: ChromeDriver
remote stacktrace: Backtrace:
	Ordinal0 [0x008EC013+3194899]
	Ordinal0 [0x007D6021+2056225]
	Ordinal0 [0x0066F608+587272]
	Ordinal0 [0x0061147D+201853]
	Ordinal0 [0x00610E98+200344]
	Ordinal0 [0x00611DA7+204199]
	Ordinal0 [0x00611D0D+204045]
	Ordinal0 [0x0060FC1B+195611]
	Ordinal0 [0x005F3B7F+80767]
	Ordinal0 [0x005F4B4E+84814]
	Ordinal0 [0x005F4AD9+84697]
	Ordinal0 [0x007ECE64+2149988]
	GetHandleVerifier [0x00A5BE95+1400773]
	GetHandleVerifier [0x00A5BB61+1399953]
	GetHandleVerifier [0x00A631FA+1430314]
	GetHandleVerifier [0x00A5C69F+1402831]
	Ordinal0 [0x007E3D61+2112865]
	Ordinal0 [0x007EE5CB+2155979]
	Ordinal0 [0x007EE6F5+2156277]
	Ordinal0 [0x007FF26E+2224750]
	BaseThreadInitThunk [0x76FB6359+25]
	RtlGetAppContainerNamedObjectPath [0x77677B74+228]
	RtlGetAppContainerNamedObjectPath [0x77677B44+180]
" type="org.openqa.selenium.SessionNotCreatedException">
      <![CDATA[org.openqa.selenium.SessionNotCreatedException: session not created: No matching capabilities found
Build info: version: '4.0.0-alpha-7', revision: 'de8579b6d5'
System info: host: 'NODLTP52039252', ip: '192.168.100.45', os.name: 'Windows 10', os.arch: 'amd64', os.version: '10.0', java.version: '13.0.2'
Driver info: driver.version: ChromeDriver
remote stacktrace: Backtrace:
Ordinal0 [0x008EC013+3194899]
Ordinal0 [0x007D6021+2056225]
Ordinal0 [0x0066F608+587272]
Ordinal0 [0x0061147D+201853]
Ordinal0 [0x00610E98+200344]
Ordinal0 [0x00611DA7+204199]
Ordinal0 [0x00611D0D+204045]
Ordinal0 [0x0060FC1B+195611]
Ordinal0 [0x005F3B7F+80767]
Ordinal0 [0x005F4B4E+84814]
Ordinal0 [0x005F4AD9+84697]
Ordinal0 [0x007ECE64+2149988]
GetHandleVerifier [0x00A5BE95+1400773]
GetHandleVerifier [0x00A5BB61+1399953]
GetHandleVerifier [0x00A631FA+1430314]
GetHandleVerifier [0x00A5C69F+1402831]
Ordinal0 [0x007E3D61+2112865]
Ordinal0 [0x007EE5CB+2155979]
Ordinal0 [0x007EE6F5+2156277]
Ordinal0 [0x007FF26E+2224750]
BaseThreadInitThunk [0x76FB6359+25]
RtlGetAppContainerNamedObjectPath [0x77677B74+228]
RtlGetAppContainerNamedObjectPath [0x77677B44+180]

at java.base/jdk.internal.reflect.NativeConstructorAccessorImpl.newInstance0(Native Method)
at java.base/jdk.internal.reflect.NativeConstructorAccessorImpl.newInstance(NativeConstructorAccessorImpl.java:62)
at java.base/jdk.internal.reflect.DelegatingConstructorAccessorImpl.newInstance(DelegatingConstructorAccessorImpl.java:45)
at java.base/java.lang.reflect.Constructor.newInstanceWithCaller(Constructor.java:500)
at java.base/java.lang.reflect.Constructor.newInstance(Constructor.java:481)
at org.openqa.selenium.remote.W3CHandshakeResponse.lambda$errorHandler$0(W3CHandshakeResponse.java:62)
at org.openqa.selenium.remote.HandshakeResponse.lambda$getResponseFunction$0(HandshakeResponse.java:30)
at org.openqa.selenium.remote.ProtocolHandshake.lambda$createSession$1(ProtocolHandshake.java:126)
at java.base/java.util.stream.ReferencePipeline$3$1.accept(ReferencePipeline.java:195)
at java.base/java.util.Spliterators$ArraySpliterator.tryAdvance(Spliterators.java:958)
at java.base/java.util.stream.ReferencePipeline.forEachWithCancel(ReferencePipeline.java:127)
at java.base/java.util.stream.AbstractPipeline.copyIntoWithCancel(AbstractPipeline.java:502)
at java.base/java.util.stream.AbstractPipeline.copyInto(AbstractPipeline.java:488)
at java.base/java.util.stream.AbstractPipeline.wrapAndCopyInto(AbstractPipeline.java:474)
at java.base/java.util.stream.FindOps$FindOp.evaluateSequential(FindOps.java:150)
at java.base/java.util.stream.AbstractPipeline.evaluate(AbstractPipeline.java:234)
at java.base/java.util.stream.ReferencePipeline.findFirst(ReferencePipeline.java:543)
at org.openqa.selenium.remote.ProtocolHandshake.createSession(ProtocolHandshake.java:128)
at org.openqa.selenium.remote.ProtocolHandshake.createSession(ProtocolHandshake.java:75)
at org.openqa.selenium.remote.HttpCommandExecutor.execute(HttpCommandExecutor.java:139)
at org.openqa.selenium.remote.service.DriverCommandExecutor.execute(DriverCommandExecutor.java:123)
at org.openqa.selenium.remote.RemoteWebDriver.execute(RemoteWebDriver.java:501)
at org.openqa.selenium.remote.RemoteWebDriver.startSession(RemoteWebDriver.java:207)
at org.openqa.selenium.remote.RemoteWebDriver.<init>(RemoteWebDriver.java:127)
at org.openqa.selenium.chromium.ChromiumDriver.<init>(ChromiumDriver.java:93)
at org.openqa.selenium.chrome.ChromeDriver.<init>(ChromeDriver.java:163)
at org.openqa.selenium.chrome.ChromeDriver.<init>(ChromeDriver.java:129)
at ApiAutomation.Apidemo.Assertions.run(Assertions.java:33)
at java.base/jdk.internal.reflect.NativeMethodAccessorImpl.invoke0(Native Method)
at java.base/jdk.internal.reflect.NativeMethodAccessorImpl.invoke(NativeMethodAccessorImpl.java:62)
at java.base/jdk.internal.reflect.DelegatingMethodAccessorImpl.invoke(DelegatingMethodAccessorImpl.java:43)
at java.base/java.lang.reflect.Method.invoke(Method.java:567)
at org.testng.internal.MethodInvocationHelper.invokeMethod(MethodInvocationHelper.java:132)
at org.testng.internal.TestInvoker.invokeMethod(TestInvoker.java:599)
at org.testng.internal.TestInvoker.invokeTestMethod(TestInvoker.java:174)
at org.testng.internal.MethodRunner.runInSequence(MethodRunner.java:46)
at org.testng.internal.TestInvoker$MethodInvocationAgent.invoke(TestInvoker.java:822)
at org.testng.internal.TestInvoker.invokeTestMethods(TestInvoker.java:147)
at org.testng.internal.TestMethodWorker.invokeTestMethods(TestMethodWorker.java:146)
at org.testng.internal.TestMethodWorker.run(TestMethodWorker.java:128)
at java.base/java.util.ArrayList.forEach(ArrayList.java:1507)
at org.testng.TestRunner.privateRun(TestRunner.java:764)
at org.testng.TestRunner.run(TestRunner.java:585)
at org.testng.SuiteRunner.runTest(SuiteRunner.java:384)
at org.testng.SuiteRunner.runSequentially(SuiteRunner.java:378)
at org.testng.SuiteRunner.privateRun(SuiteRunner.java:337)
at org.testng.SuiteRunner.run(SuiteRunner.java:286)
at org.testng.SuiteRunnerWorker.runSuite(SuiteRunnerWorker.java:53)
at org.testng.SuiteRunnerWorker.run(SuiteRunnerWorker.java:96)
at org.testng.TestNG.runSuitesSequentially(TestNG.java:1218)
at org.testng.TestNG.runSuitesLocally(TestNG.java:1140)
at org.testng.TestNG.runSuites(TestNG.java:1069)
at org.testng.TestNG.run(TestNG.java:1037)
at org.testng.remote.AbstractRemoteTestNG.run(AbstractRemoteTestNG.java:115)
at org.testng.remote.RemoteTestNG.initAndRun(RemoteTestNG.java:251)
at org.testng.remote.RemoteTestNG.main(RemoteTestNG.java:77)
]]>
    </error>
  </testcase> <!-- run -->
  <system-out/>
</testsuite> <!-- ApiAutomation.Apidemo.Assertions -->
